0 info it worked if it ends with ok
1 verbose cli [ 'C:\\nodejs\\node.exe',
1 verbose cli   'C:\\nodejs\\node_modules\\npm\\bin\\npm-cli.js',
1 verbose cli   'run',
1 verbose cli   'build' ]
2 info using npm@3.10.10
3 info using node@v6.11.3
4 verbose run-script [ 'prebuild', 'build', 'postbuild' ]
5 info lifecycle tf-jq@0.0.6~prebuild: tf-jq@0.0.6
6 silly lifecycle tf-jq@0.0.6~prebuild: no script for prebuild, continuing
7 info lifecycle tf-jq@0.0.6~build: tf-jq@0.0.6
8 verbose lifecycle tf-jq@0.0.6~build: unsafe-perm in lifecycle true
9 verbose lifecycle tf-jq@0.0.6~build: PATH: C:\nodejs\node_modules\npm\bin\node-gyp-bin;c:\cygwin\home\dell\playground\tf-jq\node_modules\.bin;C:\WINDOWS\system32;C:\WINDOWS;C:\WINDOWS\System32\Wbem;C:\WINDOWS\System32\WindowsPowerShell\v1.0\;C:\Git\cmd;C:\Program Files\TortoiseSVN\bin;C:\nodejs\;C:\yarn\bin;C:\PuTTY\;C:\mscode\bin;C:\Users\dell\AppData\Local\Microsoft\WindowsApps;C:\Users\dell\AppData\Roaming\npm;C:\Users\dell\AppData\Local\Yarn\bin
10 verbose lifecycle tf-jq@0.0.6~build: CWD: c:\cygwin\home\dell\playground\tf-jq
11 silly lifecycle tf-jq@0.0.6~build: Args: [ '/d /s /c',
11 silly lifecycle   'webpack --config ./lib/webpack.config.production.js' ]
12 silly lifecycle tf-jq@0.0.6~build: Returned: code: 2  signal: null
13 info lifecycle tf-jq@0.0.6~build: Failed to exec build script
14 verbose stack Error: tf-jq@0.0.6 build: `webpack --config ./lib/webpack.config.production.js`
14 verbose stack Exit status 2
14 verbose stack     at EventEmitter.<anonymous> (C:\nodejs\node_modules\npm\lib\utils\lifecycle.js:255:16)
14 verbose stack     at emitTwo (events.js:106:13)
14 verbose stack     at EventEmitter.emit (events.js:191:7)
14 verbose stack     at ChildProcess.<anonymous> (C:\nodejs\node_modules\npm\lib\utils\spawn.js:40:14)
14 verbose stack     at emitTwo (events.js:106:13)
14 verbose stack     at ChildProcess.emit (events.js:191:7)
14 verbose stack     at maybeClose (internal/child_process.js:920:16)
14 verbose stack     at Process.ChildProcess._handle.onexit (internal/child_process.js:230:5)
15 verbose pkgid tf-jq@0.0.6
16 verbose cwd c:\cygwin\home\dell\playground\tf-jq
17 error Windows_NT 10.0.15063
18 error argv "C:\\nodejs\\node.exe" "C:\\nodejs\\node_modules\\npm\\bin\\npm-cli.js" "run" "build"
19 error node v6.11.3
20 error npm  v3.10.10
21 error code ELIFECYCLE
22 error tf-jq@0.0.6 build: `webpack --config ./lib/webpack.config.production.js`
22 error Exit status 2
23 error Failed at the tf-jq@0.0.6 build script 'webpack --config ./lib/webpack.config.production.js'.
23 error Make sure you have the latest version of node.js and npm installed.
23 error If you do, this is most likely a problem with the tf-jq package,
23 error not with npm itself.
23 error Tell the author that this fails on your system:
23 error     webpack --config ./lib/webpack.config.production.js
23 error You can get information on how to open an issue for this project with:
23 error     npm bugs tf-jq
23 error Or if that isn't available, you can get their info via:
23 error     npm owner ls tf-jq
23 error There is likely additional logging output above.
24 verbose exit [ 1, true ]
